2022-06-09 16:52:55,226 INFO: Loading the Datasets --:
2022-06-09 16:52:55,713 INFO: -- Done.
2022-06-09 16:55:19,592 INFO: Loading the Datasets --:
2022-06-09 16:55:20,042 INFO: -- Done.
2022-06-09 16:56:16,477 INFO: Loading the Datasets --:
2022-06-09 16:56:16,954 INFO: -- Done.
2022-06-09 16:56:50,079 INFO: Loading the Datasets --:
2022-06-09 16:56:50,538 INFO: -- Done.
2022-06-09 16:56:51,682 INFO: Epoch 0/29 --:
2022-06-09 16:57:53,851 INFO: Loading the Datasets --:
2022-06-09 16:57:54,285 INFO: -- Done.
2022-06-09 16:57:55,462 INFO: Epoch 0/29 --:
2022-06-09 17:01:18,705 INFO: Loading the Datasets --:
2022-06-09 17:01:19,152 INFO: -- Done.
2022-06-09 17:01:20,316 INFO: Epoch 0/29 --:
2022-06-09 17:02:29,618 INFO: Loading the Datasets --:
2022-06-09 17:02:30,051 INFO: -- Done.
2022-06-09 17:02:31,208 INFO: Epoch 0/29 --:
2022-06-09 17:13:12,680 INFO: Loading the Datasets --:
2022-06-09 17:13:13,102 INFO: -- Done.
2022-06-09 17:13:14,224 INFO: Epoch 0/29 --:
2022-06-09 17:15:00,025 INFO: Loading the Datasets --:
2022-06-09 17:15:00,486 INFO: -- Done.
2022-06-09 17:15:01,705 INFO: Epoch 0/29 --:
2022-06-09 17:16:00,639 INFO: Loading the Datasets --:
2022-06-09 17:16:01,077 INFO: -- Done.
2022-06-09 17:16:02,247 INFO: Epoch 0/29 --:
2022-06-09 21:39:33,998 INFO: Loading the Datasets --:
2022-06-09 21:39:34,467 INFO: -- Done.
2022-06-09 21:39:35,707 INFO: Epoch 0/29 ------:
2022-06-09 21:40:05,260 INFO: train Loss: 0.6276 Acc: 0.7691 
2022-06-09 21:40:14,245 INFO: test Loss: 0.4337 Acc: 0.8411 
2022-06-09 21:40:14,256 INFO: Epoch 1/29 ------:
2022-06-09 21:40:42,970 INFO: train Loss: 0.3780 Acc: 0.8599 
2022-06-09 21:40:52,216 INFO: test Loss: 0.3805 Acc: 0.8621 
2022-06-09 21:40:52,226 INFO: Epoch 2/29 ------:
2022-06-09 21:41:19,353 INFO: train Loss: 0.3337 Acc: 0.8765 
2022-06-09 21:41:27,896 INFO: test Loss: 0.3422 Acc: 0.8742 
2022-06-09 21:41:27,905 INFO: Epoch 3/29 ------:
2022-06-09 21:41:54,601 INFO: train Loss: 0.3102 Acc: 0.8855 
2022-06-09 21:42:03,111 INFO: test Loss: 0.3162 Acc: 0.8817 
2022-06-09 21:42:03,120 INFO: Epoch 4/29 ------:
2022-06-09 21:42:29,961 INFO: train Loss: 0.2905 Acc: 0.8915 
2022-06-09 21:42:38,391 INFO: test Loss: 0.3324 Acc: 0.8784 
2022-06-09 21:42:38,394 INFO: Epoch 5/29 ------:
2022-06-09 21:43:05,005 INFO: train Loss: 0.2772 Acc: 0.8972 
2022-06-09 21:43:13,439 INFO: test Loss: 0.3088 Acc: 0.8836 
2022-06-09 21:43:13,448 INFO: Epoch 6/29 ------:
2022-06-09 21:43:40,293 INFO: train Loss: 0.2344 Acc: 0.9124 
2022-06-09 21:43:48,756 INFO: test Loss: 0.2825 Acc: 0.8967 
2022-06-09 21:43:48,765 INFO: Epoch 7/29 ------:
2022-06-09 21:44:16,818 INFO: train Loss: 0.2272 Acc: 0.9152 
2022-06-09 21:44:25,351 INFO: test Loss: 0.2797 Acc: 0.8983 
2022-06-09 21:44:25,360 INFO: Epoch 8/29 ------:
2022-06-09 21:44:52,159 INFO: train Loss: 0.2234 Acc: 0.9147 
2022-06-09 21:45:00,591 INFO: test Loss: 0.2789 Acc: 0.8979 
2022-06-09 21:45:00,594 INFO: Epoch 9/29 ------:
2022-06-09 21:45:27,392 INFO: train Loss: 0.2196 Acc: 0.9178 
2022-06-09 21:45:35,803 INFO: test Loss: 0.2761 Acc: 0.8985 
2022-06-09 21:45:35,812 INFO: Epoch 10/29 ------:
2022-06-09 21:46:02,505 INFO: train Loss: 0.2170 Acc: 0.9183 
2022-06-09 21:46:10,997 INFO: test Loss: 0.2752 Acc: 0.9010 
2022-06-09 21:46:11,006 INFO: Epoch 11/29 ------:
2022-06-09 21:46:37,751 INFO: train Loss: 0.2153 Acc: 0.9192 
2022-06-09 21:46:46,151 INFO: test Loss: 0.2757 Acc: 0.9024 
2022-06-09 21:46:46,159 INFO: Epoch 12/29 ------:
2022-06-09 21:47:12,796 INFO: train Loss: 0.2122 Acc: 0.9206 
2022-06-09 21:47:21,170 INFO: test Loss: 0.2727 Acc: 0.9017 
2022-06-09 21:47:21,172 INFO: Epoch 13/29 ------:
2022-06-09 21:47:47,775 INFO: train Loss: 0.2070 Acc: 0.9213 
2022-06-09 21:47:56,143 INFO: test Loss: 0.2706 Acc: 0.9032 
2022-06-09 21:47:56,151 INFO: Epoch 14/29 ------:
2022-06-09 21:48:21,933 INFO: train Loss: 0.2060 Acc: 0.9237 
2022-06-09 21:48:30,002 INFO: test Loss: 0.2704 Acc: 0.9041 
2022-06-09 21:48:30,011 INFO: Epoch 15/29 ------:
2022-06-09 21:48:55,597 INFO: train Loss: 0.2048 Acc: 0.9223 
2022-06-09 21:49:03,679 INFO: test Loss: 0.2703 Acc: 0.9045 
2022-06-09 21:49:03,689 INFO: Epoch 16/29 ------:
2022-06-09 21:49:29,209 INFO: train Loss: 0.2044 Acc: 0.9239 
2022-06-09 21:49:37,266 INFO: test Loss: 0.2698 Acc: 0.9041 
2022-06-09 21:49:37,269 INFO: Epoch 17/29 ------:
2022-06-09 21:50:03,208 INFO: train Loss: 0.2041 Acc: 0.9230 
2022-06-09 21:50:11,278 INFO: test Loss: 0.2700 Acc: 0.9041 
2022-06-09 21:50:11,281 INFO: Epoch 18/29 ------:
2022-06-09 21:50:38,700 INFO: train Loss: 0.2045 Acc: 0.9235 
2022-06-09 21:50:47,020 INFO: test Loss: 0.2701 Acc: 0.9037 
2022-06-09 21:50:47,022 INFO: Epoch 19/29 ------:
2022-06-09 21:51:13,061 INFO: train Loss: 0.2045 Acc: 0.9233 
2022-06-09 21:51:21,840 INFO: test Loss: 0.2704 Acc: 0.9045 
2022-06-09 21:51:21,844 INFO: Epoch 20/29 ------:
2022-06-09 21:51:47,941 INFO: train Loss: 0.2023 Acc: 0.9234 
2022-06-09 21:51:55,994 INFO: test Loss: 0.2700 Acc: 0.9050 
2022-06-09 21:51:56,003 INFO: Epoch 21/29 ------:
2022-06-09 21:52:23,547 INFO: train Loss: 0.2030 Acc: 0.9245 
2022-06-09 21:52:32,793 INFO: test Loss: 0.2698 Acc: 0.9048 
2022-06-09 21:52:32,796 INFO: Epoch 22/29 ------:
2022-06-09 21:52:59,658 INFO: train Loss: 0.2030 Acc: 0.9237 
2022-06-09 21:53:07,744 INFO: test Loss: 0.2699 Acc: 0.9049 
2022-06-09 21:53:07,746 INFO: Epoch 23/29 ------:
2022-06-09 21:53:35,205 INFO: train Loss: 0.2030 Acc: 0.9236 
2022-06-09 21:53:43,332 INFO: test Loss: 0.2699 Acc: 0.9052 
2022-06-09 21:53:43,340 INFO: Epoch 24/29 ------:
2022-06-09 21:54:09,510 INFO: train Loss: 0.2030 Acc: 0.9233 
2022-06-09 21:54:17,639 INFO: test Loss: 0.2699 Acc: 0.9053 
2022-06-09 21:54:17,649 INFO: Epoch 25/29 ------:
2022-06-09 21:54:43,259 INFO: train Loss: 0.2034 Acc: 0.9236 
2022-06-09 21:54:51,315 INFO: test Loss: 0.2699 Acc: 0.9049 
2022-06-09 21:54:51,317 INFO: Epoch 26/29 ------:
2022-06-09 21:55:16,889 INFO: train Loss: 0.2026 Acc: 0.9239 
2022-06-09 21:55:24,986 INFO: test Loss: 0.2699 Acc: 0.9049 
2022-06-09 21:55:24,988 INFO: Epoch 27/29 ------:
2022-06-09 21:55:50,529 INFO: train Loss: 0.2033 Acc: 0.9239 
2022-06-09 21:55:58,670 INFO: test Loss: 0.2699 Acc: 0.9049 
2022-06-09 21:55:58,673 INFO: Epoch 28/29 ------:
2022-06-09 21:56:24,207 INFO: train Loss: 0.2032 Acc: 0.9241 
2022-06-09 21:56:32,348 INFO: test Loss: 0.2699 Acc: 0.9048 
2022-06-09 21:56:32,351 INFO: Epoch 29/29 ------:
2022-06-09 21:56:57,845 INFO: train Loss: 0.2028 Acc: 0.9242 
2022-06-09 21:57:05,911 INFO: test Loss: 0.2699 Acc: 0.9048 
2022-06-09 21:57:05,914 INFO: Training complete in 17m 30s
2022-06-09 21:57:05,914 INFO: Best test Acc: 0.905300
2022-06-09 22:03:55,600 INFO: Loading the Datasets --:
2022-06-09 22:03:56,823 INFO: -- Done.
2022-06-09 22:03:57,950 INFO: Epoch 0/29 ------:
2022-06-09 22:04:37,939 INFO: train Loss: 0.6273 Acc: 0.7658 
2022-06-09 22:04:54,966 INFO: test Loss: 0.4371 Acc: 0.8383 
2022-06-09 22:04:54,979 INFO: Epoch 1/29 ------:
2022-06-09 22:05:33,989 INFO: train Loss: 0.3794 Acc: 0.8605 
2022-06-09 22:05:50,943 INFO: test Loss: 0.4001 Acc: 0.8463 
2022-06-09 22:05:50,954 INFO: Epoch 2/29 ------:
2022-06-09 22:06:31,630 INFO: train Loss: 0.3314 Acc: 0.8780 
2022-06-09 22:06:48,641 INFO: test Loss: 0.3513 Acc: 0.8705 
2022-06-09 22:06:48,652 INFO: Epoch 3/29 ------:
2022-06-09 22:07:27,934 INFO: train Loss: 0.3037 Acc: 0.8877 
2022-06-09 22:07:46,206 INFO: test Loss: 0.3259 Acc: 0.8803 
2022-06-09 22:07:46,216 INFO: Epoch 4/29 ------:
2022-06-09 22:08:28,616 INFO: train Loss: 0.2873 Acc: 0.8936 
2022-06-09 22:08:47,758 INFO: test Loss: 0.3118 Acc: 0.8854 
2022-06-09 22:08:47,770 INFO: Epoch 5/29 ------:
2022-06-09 22:09:31,762 INFO: train Loss: 0.2719 Acc: 0.8995 
2022-06-09 22:09:50,831 INFO: test Loss: 0.3101 Acc: 0.8857 
2022-06-09 22:09:50,842 INFO: Epoch 6/29 ------:
2022-06-09 22:10:34,372 INFO: train Loss: 0.2310 Acc: 0.9155 
2022-06-09 22:10:52,630 INFO: test Loss: 0.2767 Acc: 0.8995 
2022-06-09 22:10:52,641 INFO: Epoch 7/29 ------:
2022-06-09 22:11:36,302 INFO: train Loss: 0.2213 Acc: 0.9184 
2022-06-09 22:11:54,391 INFO: test Loss: 0.2751 Acc: 0.8994 
2022-06-09 22:11:54,394 INFO: Epoch 8/29 ------:
2022-06-09 22:12:36,000 INFO: train Loss: 0.2189 Acc: 0.9197 
2022-06-09 22:12:53,191 INFO: test Loss: 0.2710 Acc: 0.9012 
2022-06-09 22:12:53,202 INFO: Epoch 9/29 ------:
2022-06-09 22:13:35,570 INFO: train Loss: 0.2151 Acc: 0.9213 
2022-06-09 22:13:54,274 INFO: test Loss: 0.2684 Acc: 0.8995 
2022-06-09 22:13:54,278 INFO: Epoch 10/29 ------:
2022-06-09 22:14:37,719 INFO: train Loss: 0.2116 Acc: 0.9220 
2022-06-09 22:14:56,807 INFO: test Loss: 0.2717 Acc: 0.9004 
2022-06-09 22:14:56,810 INFO: Epoch 11/29 ------:
2022-06-09 22:15:40,730 INFO: train Loss: 0.2093 Acc: 0.9232 
2022-06-09 22:15:58,238 INFO: test Loss: 0.2697 Acc: 0.9010 
2022-06-09 22:15:58,243 INFO: Epoch 12/29 ------:
2022-06-09 22:16:40,488 INFO: train Loss: 0.2073 Acc: 0.9231 
2022-06-09 22:17:00,019 INFO: test Loss: 0.2698 Acc: 0.9019 
2022-06-09 22:17:00,031 INFO: Epoch 13/29 ------:
2022-06-09 22:17:45,750 INFO: train Loss: 0.2019 Acc: 0.9259 
2022-06-09 22:18:03,229 INFO: test Loss: 0.2645 Acc: 0.9032 
2022-06-09 22:18:03,241 INFO: Epoch 14/29 ------:
2022-06-09 22:18:47,216 INFO: train Loss: 0.2002 Acc: 0.9264 
2022-06-09 22:19:05,829 INFO: test Loss: 0.2646 Acc: 0.9043 
2022-06-09 22:19:05,840 INFO: Epoch 15/29 ------:
2022-06-09 22:19:51,947 INFO: train Loss: 0.2003 Acc: 0.9263 
2022-06-09 22:20:10,347 INFO: test Loss: 0.2646 Acc: 0.9041 
2022-06-09 22:20:10,352 INFO: Epoch 16/29 ------:
2022-06-09 22:20:52,130 INFO: train Loss: 0.2005 Acc: 0.9264 
2022-06-09 22:21:09,944 INFO: test Loss: 0.2642 Acc: 0.9044 
2022-06-09 22:21:09,956 INFO: Epoch 17/29 ------:
2022-06-09 22:21:51,901 INFO: train Loss: 0.1988 Acc: 0.9271 
2022-06-09 22:22:09,515 INFO: test Loss: 0.2645 Acc: 0.9043 
2022-06-09 22:22:09,518 INFO: Epoch 18/29 ------:
2022-06-09 22:22:51,788 INFO: train Loss: 0.1984 Acc: 0.9272 
2022-06-09 22:23:09,667 INFO: test Loss: 0.2637 Acc: 0.9049 
2022-06-09 22:23:09,678 INFO: Epoch 19/29 ------:
2022-06-09 22:23:51,036 INFO: train Loss: 0.1986 Acc: 0.9270 
2022-06-09 22:24:08,729 INFO: test Loss: 0.2639 Acc: 0.9036 
2022-06-09 22:24:08,733 INFO: Epoch 20/29 ------:
2022-06-09 22:24:52,002 INFO: train Loss: 0.1989 Acc: 0.9267 
2022-06-09 22:25:10,030 INFO: test Loss: 0.2638 Acc: 0.9045 
2022-06-09 22:25:10,034 INFO: Epoch 21/29 ------:
2022-06-09 22:25:52,603 INFO: train Loss: 0.1979 Acc: 0.9267 
2022-06-09 22:26:12,229 INFO: test Loss: 0.2638 Acc: 0.9049 
2022-06-09 22:26:12,233 INFO: Epoch 22/29 ------:
2022-06-09 22:27:03,835 INFO: train Loss: 0.1978 Acc: 0.9271 
2022-06-09 22:27:24,193 INFO: test Loss: 0.2637 Acc: 0.9046 
2022-06-09 22:27:24,200 INFO: Epoch 23/29 ------:
2022-06-09 22:28:09,396 INFO: train Loss: 0.1980 Acc: 0.9270 
2022-06-09 22:28:28,072 INFO: test Loss: 0.2637 Acc: 0.9043 
2022-06-09 22:28:28,076 INFO: Epoch 24/29 ------:
2022-06-09 22:29:10,409 INFO: train Loss: 0.1976 Acc: 0.9269 
2022-06-09 22:29:28,729 INFO: test Loss: 0.2637 Acc: 0.9045 
2022-06-09 22:29:28,733 INFO: Epoch 25/29 ------:
2022-06-09 22:30:13,407 INFO: train Loss: 0.1980 Acc: 0.9269 
2022-06-09 22:30:31,074 INFO: test Loss: 0.2637 Acc: 0.9043 
2022-06-09 22:30:31,079 INFO: Epoch 26/29 ------:
2022-06-09 22:31:12,076 INFO: train Loss: 0.1973 Acc: 0.9272 
2022-06-09 22:31:29,698 INFO: test Loss: 0.2637 Acc: 0.9043 
2022-06-09 22:31:29,703 INFO: Epoch 27/29 ------:
2022-06-09 22:32:13,554 INFO: train Loss: 0.1970 Acc: 0.9278 
2022-06-09 22:32:31,184 INFO: test Loss: 0.2637 Acc: 0.9044 
2022-06-09 22:32:31,188 INFO: Epoch 28/29 ------:
2022-06-09 22:33:12,062 INFO: train Loss: 0.1981 Acc: 0.9270 
2022-06-09 22:33:29,616 INFO: test Loss: 0.2637 Acc: 0.9043 
2022-06-09 22:33:29,620 INFO: Epoch 29/29 ------:
2022-06-09 22:34:10,841 INFO: train Loss: 0.1976 Acc: 0.9266 
2022-06-09 22:34:28,399 INFO: test Loss: 0.2637 Acc: 0.9043 
2022-06-09 22:34:28,403 INFO: Training complete in 30m 30s
2022-06-09 22:34:28,403 INFO: Best test Acc: 0.904900
2022-06-10 14:06:22,723 INFO: Loading the Datasets --:
2022-06-10 14:06:23,133 INFO: -- Done.
2022-06-10 14:06:25,572 INFO: Epoch 0/1 ------:
2022-06-10 14:07:02,785 INFO: train Loss: 0.6200 Acc: 0.7689 
2022-06-10 14:07:21,221 INFO: test Loss: 0.4590 Acc: 0.8318 
2022-06-10 14:07:21,237 INFO: Epoch 1/1 ------:
2022-06-10 14:07:50,446 INFO: train Loss: 0.3772 Acc: 0.8614 
2022-06-10 14:08:00,352 INFO: test Loss: 0.4089 Acc: 0.8533 
2022-06-10 14:08:00,362 INFO: Training complete in 1m 35s
2022-06-10 14:08:00,362 INFO: Best test Acc: 0.853300
2022-06-11 15:33:21,532 INFO: Loading the Datasets --:
2022-06-11 15:33:21,989 INFO: -- Done.
2022-06-11 15:33:23,420 INFO: Epoch 0/1 ------:
2022-06-11 16:00:16,574 INFO: Loading the Datasets --:
2022-06-11 16:00:16,971 INFO: -- Done.
2022-06-11 16:00:18,154 INFO: Epoch 0/1 ------:
2022-06-11 16:02:01,043 INFO: Loading the Datasets --:
2022-06-11 16:02:01,447 INFO: -- Done.
2022-06-11 16:02:02,622 INFO: Epoch 0/1 ------:
2022-06-11 16:06:28,539 INFO: Loading the Datasets --:
2022-06-11 16:06:28,950 INFO: -- Done.
2022-06-11 16:06:30,146 INFO: Epoch 0/1 ------:
2022-06-11 16:09:09,592 INFO: Loading the Datasets --:
2022-06-11 16:09:10,039 INFO: -- Done.
2022-06-11 16:09:11,398 INFO: Epoch 0/1 ------:
2022-06-11 16:09:35,752 INFO: Loading the Datasets --:
2022-06-11 16:09:36,143 INFO: -- Done.
2022-06-11 16:09:37,354 INFO: Epoch 0/1 ------:
2022-06-11 16:10:52,256 INFO: Loading the Datasets --:
2022-06-11 16:10:53,577 INFO: -- Done.
2022-06-11 16:11:24,341 INFO: Epoch 0/1 ------:
2022-06-11 16:12:07,961 INFO: Loading the Datasets --:
2022-06-11 16:12:09,328 INFO: -- Done.
2022-06-11 16:55:03,028 INFO: Loading the Datasets --:
2022-06-11 16:55:03,421 INFO: -- Done.
2022-06-11 16:55:04,976 INFO: Epoch 0/1 ------:
2022-06-11 17:03:51,435 INFO: Loading the Datasets --:
2022-06-11 17:03:51,832 INFO: -- Done.
2022-06-11 17:03:53,297 INFO: Epoch 0/1 ------:
2022-06-11 17:08:31,843 INFO: Loading the Datasets --:
2022-06-11 17:08:32,238 INFO: -- Done.
2022-06-11 17:08:33,693 INFO: Epoch 0/1 ------:
2022-06-11 17:09:35,860 INFO: Loading the Datasets --:
2022-06-11 17:09:36,255 INFO: -- Done.
2022-06-11 17:09:37,691 INFO: Epoch 0/1 ------:
2022-06-11 17:10:01,591 INFO: Loading the Datasets --:
2022-06-11 17:10:01,983 INFO: -- Done.
2022-06-11 17:10:03,467 INFO: Epoch 0/1 ------:
2022-06-11 17:11:58,258 INFO: Loading the Datasets --:
2022-06-11 17:11:58,676 INFO: -- Done.
2022-06-11 17:11:59,870 INFO: Epoch 0/1 ------:
2022-06-11 17:12:46,566 INFO: train Loss: 0.6417 Acc: 0.7607 
2022-06-11 17:13:02,648 INFO: test Loss: 0.4577 Acc: 0.8325 
2022-06-11 17:13:02,659 INFO: Epoch 1/1 ------:
2022-06-11 17:13:30,547 INFO: train Loss: 0.3862 Acc: 0.8576 
2022-06-11 17:13:39,350 INFO: test Loss: 0.3767 Acc: 0.8586 
2022-06-11 17:13:39,360 INFO: Training complete in 1m 39s
2022-06-11 17:13:39,360 INFO: Best test Acc: 0.858600
2022-06-11 17:32:29,421 INFO: Loading the Datasets --:
2022-06-11 17:32:29,832 INFO: -- Done.
2022-06-11 17:32:30,975 INFO: Epoch 0/1 ------:
2022-06-11 17:33:20,435 INFO: train Loss: 0.7594 Acc: 0.7164 
2022-06-11 17:33:29,853 INFO: test Loss: 0.4187 Acc: 0.8452 
2022-06-11 17:33:29,948 INFO: Epoch 1/1 ------:
2022-06-11 17:34:18,752 INFO: train Loss: 0.4064 Acc: 0.8531 
2022-06-11 17:34:28,199 INFO: test Loss: 0.3426 Acc: 0.8728 
2022-06-11 17:34:28,298 INFO: Training complete in 1m 57s
2022-06-11 17:34:28,298 INFO: Best test Acc: 0.872800
2022-06-11 17:36:09,029 INFO: Loading the Datasets --:
2022-06-11 17:36:09,455 INFO: -- Done.
2022-06-11 17:36:10,605 INFO: Epoch 0/9 ------:
2022-06-11 17:54:26,052 INFO: Loading the Datasets --:
2022-06-11 17:54:26,444 INFO: -- Done.
2022-06-11 17:54:27,595 INFO: Epoch 0/9 ------:
2022-06-11 17:55:16,716 INFO: train Loss: 0.7538 Acc: 0.7203 
2022-06-11 17:55:26,135 INFO: test Loss: 0.4457 Acc: 0.8354 
2022-06-11 17:55:26,235 INFO: Epoch 1/9 ------:
2022-06-11 17:56:15,087 INFO: train Loss: 0.3998 Acc: 0.8571 
2022-06-11 17:56:24,522 INFO: test Loss: 0.3706 Acc: 0.8592 
2022-06-11 17:56:24,617 INFO: Epoch 2/9 ------:
2022-06-11 17:57:13,396 INFO: train Loss: 0.3279 Acc: 0.8810 
2022-06-11 17:57:22,741 INFO: test Loss: 0.3038 Acc: 0.8896 
2022-06-11 17:57:22,836 INFO: Epoch 3/9 ------:
2022-06-11 17:58:11,909 INFO: train Loss: 0.2911 Acc: 0.8949 
2022-06-11 17:58:21,680 INFO: test Loss: 0.3045 Acc: 0.8882 
2022-06-11 17:58:21,754 INFO: Epoch 4/9 ------:
2022-06-11 17:59:10,680 INFO: train Loss: 0.2633 Acc: 0.9050 
2022-06-11 17:59:20,150 INFO: test Loss: 0.2676 Acc: 0.9031 
2022-06-11 17:59:20,247 INFO: Epoch 5/9 ------:
2022-06-11 18:00:08,982 INFO: train Loss: 0.2412 Acc: 0.9119 
2022-06-11 18:00:18,468 INFO: test Loss: 0.2647 Acc: 0.9009 
2022-06-11 18:00:18,544 INFO: Epoch 6/9 ------:
2022-06-11 18:01:07,380 INFO: train Loss: 0.1926 Acc: 0.9305 
2022-06-11 18:01:16,873 INFO: test Loss: 0.2270 Acc: 0.9186 
2022-06-11 18:01:16,969 INFO: Epoch 7/9 ------:
2022-06-11 18:02:05,713 INFO: train Loss: 0.1812 Acc: 0.9346 
2022-06-11 18:02:15,091 INFO: test Loss: 0.2248 Acc: 0.9201 
2022-06-11 18:02:15,185 INFO: Epoch 8/9 ------:
2022-06-11 18:03:03,654 INFO: train Loss: 0.1758 Acc: 0.9371 
2022-06-11 18:03:12,984 INFO: test Loss: 0.2210 Acc: 0.9213 
2022-06-11 18:03:13,079 INFO: Epoch 9/9 ------:
2022-06-11 18:04:01,551 INFO: train Loss: 0.1703 Acc: 0.9389 
2022-06-11 18:04:10,917 INFO: test Loss: 0.2216 Acc: 0.9207 
2022-06-11 18:04:10,990 INFO: Training complete in 9m 43s
2022-06-11 18:04:10,990 INFO: Best test Acc: 0.921300
2022-06-12 00:11:54,009 INFO: Loading the Datasets --:
2022-06-12 00:11:54,452 INFO: -- Done.
2022-06-12 00:11:55,747 INFO: Epoch 0/29 ------:
2022-06-12 00:12:57,078 INFO: train Loss: 0.8621 Acc: 0.6806 
2022-06-12 00:13:07,086 INFO: test Loss: 0.4985 Acc: 0.8219 
2022-06-12 00:13:07,194 INFO: Epoch 1/29 ------:
2022-06-12 00:14:07,141 INFO: train Loss: 0.4318 Acc: 0.8438 
2022-06-12 00:14:17,211 INFO: test Loss: 0.3508 Acc: 0.8690 
2022-06-12 00:14:17,321 INFO: Epoch 2/29 ------:
2022-06-12 00:15:17,776 INFO: train Loss: 0.3480 Acc: 0.8733 
2022-06-12 00:15:28,472 INFO: test Loss: 0.3143 Acc: 0.8856 
2022-06-12 00:15:28,584 INFO: Epoch 3/29 ------:
2022-06-12 00:16:29,793 INFO: train Loss: 0.3090 Acc: 0.8880 
2022-06-12 00:16:40,069 INFO: test Loss: 0.3051 Acc: 0.8928 
2022-06-12 00:16:40,181 INFO: Epoch 4/29 ------:
2022-06-12 00:17:41,872 INFO: train Loss: 0.2784 Acc: 0.8987 
2022-06-12 00:17:54,016 INFO: test Loss: 0.2873 Acc: 0.8936 
2022-06-12 00:17:54,134 INFO: Epoch 5/29 ------:
2022-06-12 00:18:58,810 INFO: train Loss: 0.2580 Acc: 0.9064 
2022-06-12 00:19:09,477 INFO: test Loss: 0.2559 Acc: 0.9070 
2022-06-12 00:19:09,604 INFO: Epoch 6/29 ------:
2022-06-12 00:20:15,242 INFO: train Loss: 0.2096 Acc: 0.9246 
2022-06-12 00:20:26,349 INFO: test Loss: 0.2359 Acc: 0.9137 
2022-06-12 00:20:26,461 INFO: Epoch 7/29 ------:
2022-06-12 00:21:27,132 INFO: train Loss: 0.2000 Acc: 0.9266 
2022-06-12 00:21:37,371 INFO: test Loss: 0.2304 Acc: 0.9149 
2022-06-12 00:21:37,479 INFO: Epoch 8/29 ------:
2022-06-12 00:22:37,691 INFO: train Loss: 0.1937 Acc: 0.9297 
2022-06-12 00:22:47,783 INFO: test Loss: 0.2275 Acc: 0.9154 
2022-06-12 00:22:47,891 INFO: Epoch 9/29 ------:
2022-06-12 00:23:48,639 INFO: train Loss: 0.1860 Acc: 0.9325 
2022-06-12 00:23:58,954 INFO: test Loss: 0.2272 Acc: 0.9171 
2022-06-12 00:23:59,065 INFO: Epoch 10/29 ------:
2022-06-12 00:24:59,853 INFO: train Loss: 0.1830 Acc: 0.9341 
2022-06-12 00:25:10,218 INFO: test Loss: 0.2260 Acc: 0.9173 
2022-06-12 00:25:10,332 INFO: Epoch 11/29 ------:
2022-06-12 00:26:12,736 INFO: train Loss: 0.1789 Acc: 0.9355 
2022-06-12 00:26:23,641 INFO: test Loss: 0.2247 Acc: 0.9188 
2022-06-12 00:26:23,767 INFO: Epoch 12/29 ------:
2022-06-12 00:27:25,209 INFO: train Loss: 0.1754 Acc: 0.9368 
2022-06-12 00:27:35,312 INFO: test Loss: 0.2228 Acc: 0.9199 
2022-06-12 00:27:35,422 INFO: Epoch 13/29 ------:
2022-06-12 00:28:35,965 INFO: train Loss: 0.1681 Acc: 0.9391 
2022-06-12 00:28:46,359 INFO: test Loss: 0.2211 Acc: 0.9215 
2022-06-12 00:28:46,529 INFO: Epoch 14/29 ------:
2022-06-12 00:29:47,405 INFO: train Loss: 0.1647 Acc: 0.9409 
2022-06-12 00:29:57,776 INFO: test Loss: 0.2216 Acc: 0.9217 
2022-06-12 00:29:57,887 INFO: Epoch 15/29 ------:
2022-06-12 00:30:58,781 INFO: train Loss: 0.1643 Acc: 0.9403 
2022-06-12 00:31:08,860 INFO: test Loss: 0.2205 Acc: 0.9216 
2022-06-12 00:31:08,941 INFO: Epoch 16/29 ------:
2022-06-12 00:32:09,990 INFO: train Loss: 0.1648 Acc: 0.9407 
2022-06-12 00:32:20,576 INFO: test Loss: 0.2206 Acc: 0.9218 
2022-06-12 00:32:20,702 INFO: Epoch 17/29 ------:
2022-06-12 00:33:21,734 INFO: train Loss: 0.1629 Acc: 0.9412 
2022-06-12 00:33:31,804 INFO: test Loss: 0.2208 Acc: 0.9212 
2022-06-12 00:33:31,887 INFO: Epoch 18/29 ------:
2022-06-12 00:34:32,120 INFO: train Loss: 0.1633 Acc: 0.9420 
2022-06-12 00:34:42,388 INFO: test Loss: 0.2208 Acc: 0.9212 
2022-06-12 00:34:42,483 INFO: Epoch 19/29 ------:
2022-06-12 00:35:44,030 INFO: train Loss: 0.1635 Acc: 0.9418 
2022-06-12 00:35:54,376 INFO: test Loss: 0.2202 Acc: 0.9216 
2022-06-12 00:35:54,459 INFO: Epoch 20/29 ------:
2022-06-12 00:36:54,533 INFO: train Loss: 0.1609 Acc: 0.9422 
2022-06-12 00:37:04,532 INFO: test Loss: 0.2202 Acc: 0.9218 
2022-06-12 00:37:04,615 INFO: Epoch 21/29 ------:
2022-06-12 00:38:04,535 INFO: train Loss: 0.1614 Acc: 0.9417 
2022-06-12 00:38:14,558 INFO: test Loss: 0.2202 Acc: 0.9216 
2022-06-12 00:38:14,641 INFO: Epoch 22/29 ------:
2022-06-12 00:39:14,478 INFO: train Loss: 0.1615 Acc: 0.9414 
2022-06-12 00:39:24,476 INFO: test Loss: 0.2203 Acc: 0.9216 
2022-06-12 00:39:24,563 INFO: Epoch 23/29 ------:
2022-06-12 00:40:24,404 INFO: train Loss: 0.1614 Acc: 0.9424 
2022-06-12 00:40:34,381 INFO: test Loss: 0.2203 Acc: 0.9215 
2022-06-12 00:40:34,463 INFO: Epoch 24/29 ------:
2022-06-12 00:41:34,354 INFO: train Loss: 0.1612 Acc: 0.9423 
2022-06-12 00:41:44,358 INFO: test Loss: 0.2203 Acc: 0.9219 
2022-06-12 00:41:44,465 INFO: Epoch 25/29 ------:
2022-06-12 00:42:44,632 INFO: train Loss: 0.1611 Acc: 0.9423 
2022-06-12 00:42:54,642 INFO: test Loss: 0.2202 Acc: 0.9216 
2022-06-12 00:42:54,725 INFO: Epoch 26/29 ------:
2022-06-12 00:43:54,593 INFO: train Loss: 0.1615 Acc: 0.9421 
2022-06-12 00:44:04,596 INFO: test Loss: 0.2202 Acc: 0.9216 
2022-06-12 00:44:04,678 INFO: Epoch 27/29 ------:
2022-06-12 00:45:04,555 INFO: train Loss: 0.1613 Acc: 0.9418 
2022-06-12 00:45:14,547 INFO: test Loss: 0.2202 Acc: 0.9216 
2022-06-12 00:45:14,629 INFO: Epoch 28/29 ------:
2022-06-12 00:46:14,501 INFO: train Loss: 0.1624 Acc: 0.9423 
2022-06-12 00:46:24,521 INFO: test Loss: 0.2202 Acc: 0.9216 
2022-06-12 00:46:24,606 INFO: Epoch 29/29 ------:
2022-06-12 00:47:24,458 INFO: train Loss: 0.1617 Acc: 0.9427 
2022-06-12 00:47:34,465 INFO: test Loss: 0.2202 Acc: 0.9216 
2022-06-12 00:47:34,554 INFO: Training complete in 35m 39s
2022-06-12 00:47:34,554 INFO: Best test Acc: 0.921900
2022-06-12 21:07:45,243 INFO: Loading the Datasets --:
2022-06-12 21:07:45,650 INFO: -- Done.
2022-06-12 21:07:46,802 INFO: Epoch 0/29 ------:
2022-06-12 21:08:53,976 INFO: train Loss: 0.6357 Acc: 0.7642 
2022-06-12 21:09:09,849 INFO: test Loss: 0.4438 Acc: 0.8403 
2022-06-12 21:09:09,862 INFO: Epoch 1/29 ------:
2022-06-12 21:09:36,220 INFO: train Loss: 0.3876 Acc: 0.8581 
2022-06-12 21:09:44,489 INFO: test Loss: 0.4003 Acc: 0.8563 
2022-06-12 21:09:44,502 INFO: Epoch 2/29 ------:
2022-06-12 21:10:10,861 INFO: train Loss: 0.3349 Acc: 0.8773 
2022-06-12 21:10:19,101 INFO: test Loss: 0.3500 Acc: 0.8743 
2022-06-12 21:10:19,111 INFO: Epoch 3/29 ------:
2022-06-12 21:10:45,401 INFO: train Loss: 0.3073 Acc: 0.8868 
2022-06-12 21:10:53,606 INFO: test Loss: 0.3385 Acc: 0.8759 
2022-06-12 21:10:53,616 INFO: Epoch 4/29 ------:
2022-06-12 21:11:19,939 INFO: train Loss: 0.2861 Acc: 0.8941 
2022-06-12 21:11:28,145 INFO: test Loss: 0.3095 Acc: 0.8868 
2022-06-12 21:11:28,156 INFO: Epoch 5/29 ------:
2022-06-12 21:11:55,087 INFO: train Loss: 0.2710 Acc: 0.9005 
2022-06-12 21:12:03,326 INFO: test Loss: 0.3314 Acc: 0.8760 
2022-06-12 21:12:03,329 INFO: Epoch 6/29 ------:
2022-06-12 21:12:29,657 INFO: train Loss: 0.2288 Acc: 0.9146 
2022-06-12 21:12:37,881 INFO: test Loss: 0.2816 Acc: 0.8969 
2022-06-12 21:12:37,892 INFO: Epoch 7/29 ------:
2022-06-12 21:13:04,151 INFO: train Loss: 0.2220 Acc: 0.9176 
2022-06-12 21:13:12,372 INFO: test Loss: 0.2805 Acc: 0.8982 
2022-06-12 21:13:12,382 INFO: Epoch 8/29 ------:
2022-06-12 21:13:41,204 INFO: train Loss: 0.2173 Acc: 0.9199 
2022-06-12 21:13:50,439 INFO: test Loss: 0.2761 Acc: 0.8986 
2022-06-12 21:13:50,452 INFO: Epoch 9/29 ------:
2022-06-12 21:14:18,773 INFO: train Loss: 0.2153 Acc: 0.9203 
2022-06-12 21:14:27,924 INFO: test Loss: 0.2761 Acc: 0.9012 
2022-06-12 21:14:27,935 INFO: Epoch 10/29 ------:
2022-06-12 21:14:56,150 INFO: train Loss: 0.2134 Acc: 0.9208 
2022-06-12 21:15:04,916 INFO: test Loss: 0.2725 Acc: 0.9015 
2022-06-12 21:15:04,927 INFO: Epoch 11/29 ------:
2022-06-12 21:15:33,071 INFO: train Loss: 0.2096 Acc: 0.9228 
2022-06-12 21:15:41,784 INFO: test Loss: 0.2720 Acc: 0.9008 
2022-06-12 21:15:41,787 INFO: Epoch 12/29 ------:
2022-06-12 21:16:09,719 INFO: train Loss: 0.2079 Acc: 0.9231 
2022-06-12 21:16:17,939 INFO: test Loss: 0.2727 Acc: 0.9002 
2022-06-12 21:16:17,942 INFO: Epoch 13/29 ------:
2022-06-12 21:16:44,201 INFO: train Loss: 0.2026 Acc: 0.9252 
2022-06-12 21:16:52,601 INFO: test Loss: 0.2703 Acc: 0.9008 
2022-06-12 21:16:52,604 INFO: Epoch 14/29 ------:
2022-06-12 21:17:18,962 INFO: train Loss: 0.2015 Acc: 0.9258 
2022-06-12 21:17:27,170 INFO: test Loss: 0.2704 Acc: 0.9009 
2022-06-12 21:17:27,173 INFO: Epoch 15/29 ------:
2022-06-12 21:17:53,552 INFO: train Loss: 0.2011 Acc: 0.9255 
2022-06-12 21:18:01,746 INFO: test Loss: 0.2704 Acc: 0.9008 
2022-06-12 21:18:01,749 INFO: Epoch 16/29 ------:
2022-06-12 21:18:28,150 INFO: train Loss: 0.2009 Acc: 0.9255 
2022-06-12 21:18:36,365 INFO: test Loss: 0.2702 Acc: 0.9012 
2022-06-12 21:18:36,368 INFO: Epoch 17/29 ------:
2022-06-12 21:19:02,686 INFO: train Loss: 0.2004 Acc: 0.9260 
2022-06-12 21:19:10,873 INFO: test Loss: 0.2705 Acc: 0.9011 
2022-06-12 21:19:10,877 INFO: Epoch 18/29 ------:
2022-06-12 21:19:38,134 INFO: train Loss: 0.2005 Acc: 0.9257 
2022-06-12 21:19:46,659 INFO: test Loss: 0.2702 Acc: 0.9015 
2022-06-12 21:19:46,662 INFO: Epoch 19/29 ------:
2022-06-12 21:20:14,925 INFO: train Loss: 0.2002 Acc: 0.9259 
2022-06-12 21:20:23,506 INFO: test Loss: 0.2699 Acc: 0.9011 
2022-06-12 21:20:23,509 INFO: Epoch 20/29 ------:
2022-06-12 21:20:49,873 INFO: train Loss: 0.2002 Acc: 0.9259 
2022-06-12 21:20:58,119 INFO: test Loss: 0.2699 Acc: 0.9012 
2022-06-12 21:20:58,122 INFO: Epoch 21/29 ------:
2022-06-12 21:21:24,292 INFO: train Loss: 0.1993 Acc: 0.9262 
2022-06-12 21:21:32,476 INFO: test Loss: 0.2699 Acc: 0.9016 
2022-06-12 21:21:32,486 INFO: Epoch 22/29 ------:
2022-06-12 21:21:58,744 INFO: train Loss: 0.1991 Acc: 0.9269 
2022-06-12 21:22:06,946 INFO: test Loss: 0.2699 Acc: 0.9015 
2022-06-12 21:22:06,949 INFO: Epoch 23/29 ------:
2022-06-12 21:22:33,173 INFO: train Loss: 0.1988 Acc: 0.9261 
2022-06-12 21:22:41,361 INFO: test Loss: 0.2697 Acc: 0.9010 
2022-06-12 21:22:41,364 INFO: Epoch 24/29 ------:
2022-06-12 21:23:08,844 INFO: train Loss: 0.1993 Acc: 0.9265 
2022-06-12 21:23:17,310 INFO: test Loss: 0.2697 Acc: 0.9010 
2022-06-12 21:23:17,313 INFO: Epoch 25/29 ------:
2022-06-12 21:23:44,262 INFO: train Loss: 0.1999 Acc: 0.9259 
2022-06-12 21:23:52,601 INFO: test Loss: 0.2698 Acc: 0.9010 
2022-06-12 21:23:52,604 INFO: Epoch 26/29 ------:
2022-06-12 21:24:20,163 INFO: train Loss: 0.1993 Acc: 0.9263 
2022-06-12 21:24:28,524 INFO: test Loss: 0.2698 Acc: 0.9009 
2022-06-12 21:24:28,526 INFO: Epoch 27/29 ------:
2022-06-12 21:24:55,817 INFO: train Loss: 0.1992 Acc: 0.9263 
2022-06-12 21:25:04,365 INFO: test Loss: 0.2698 Acc: 0.9009 
2022-06-12 21:25:04,368 INFO: Epoch 28/29 ------:
2022-06-12 21:25:32,340 INFO: train Loss: 0.1986 Acc: 0.9258 
2022-06-12 21:25:40,733 INFO: test Loss: 0.2698 Acc: 0.9009 
2022-06-12 21:25:40,736 INFO: Epoch 29/29 ------:
2022-06-12 21:26:07,187 INFO: train Loss: 0.1993 Acc: 0.9261 
2022-06-12 21:26:15,470 INFO: test Loss: 0.2698 Acc: 0.9009 
2022-06-12 21:26:15,473 INFO: Training complete in 18m 29s
2022-06-12 21:26:15,473 INFO: Best test Acc: 0.901600
